app/proguard-project.txt
-dontobfuscate


#
# For actionbarsherlock
#
-dontwarn com.actionbarsherlock.**
-keep class android.support.v4.app.** { *; }
-keep interface android.support.v4.app.** { *; }
-keep class com.actionbarsherlock.** { *; }
-keep interface com.actionbarsherlock.** { *; }

-keepattributes *Annotation*