app/build/outputs/mapping/release/seeds.txt
eu.paulburton.fitscales.BoardFragment
eu.paulburton.fitscales.BoardFragment: BoardFragment()
eu.paulburton.fitscales.BoardFragment$OverlayState: eu.paulburton.fitscales.BoardFragment$OverlayState[] values()
eu.paulburton.fitscales.BoardFragment$OverlayState: eu.paulburton.fitscales.BoardFragment$OverlayState valueOf(java.lang.String)
eu.paulburton.fitscales.BoardView
eu.paulburton.fitscales.BoardView: BoardView(android.content.Context)
eu.paulburton.fitscales.BoardView: BoardView(android.content.Context,android.util.AttributeSet)
eu.paulburton.fitscales.BoardView: BoardView(android.content.Context,android.util.AttributeSet,int)
eu.paulburton.fitscales.BoardView: boolean getLed()
eu.paulburton.fitscales.BoardView: void setLed(boolean)
eu.paulburton.fitscales.FitscalesActivity
eu.paulburton.fitscales.FitscalesActivity: FitscalesActivity()
eu.paulburton.fitscales.FitscalesApplication
eu.paulburton.fitscales.FitscalesApplication: FitscalesApplication()
eu.paulburton.fitscales.R$array: int height_units_main_array
eu.paulburton.fitscales.R$array: int height_units_sub_array
eu.paulburton.fitscales.R$array: int weight_units_formatter_array
eu.paulburton.fitscales.R$array: int weight_units_main_array
eu.paulburton.fitscales.R$attr: int actionBarDivider
eu.paulburton.fitscales.R$attr: int actionBarItemBackground
eu.paulburton.fitscales.R$attr: int actionBarSize
eu.paulburton.fitscales.R$attr: int actionBarSplitStyle
eu.paulburton.fitscales.R$attr: int actionBarStyle
eu.paulburton.fitscales.R$attr: int actionBarTabBarStyle
eu.paulburton.fitscales.R$attr: int actionBarTabStyle
eu.paulburton.fitscales.R$attr: int actionBarTabTextStyle
eu.paulburton.fitscales.R$attr: int actionBarWidgetTheme
eu.paulburton.fitscales.R$attr: int actionButtonStyle
eu.paulburton.fitscales.R$attr: int actionDropDownStyle
eu.paulburton.fitscales.R$attr: int actionMenuTextAppearance
eu.paulburton.fitscales.R$attr: int actionMenuTextColor
eu.paulburton.fitscales.R$attr: int actionModeBackground
eu.paulburton.fitscales.R$attr: int actionModeCloseButtonStyle
eu.paulburton.fitscales.R$attr: int actionModeCloseDrawable
eu.paulburton.fitscales.R$attr: int actionModePopupWindowStyle
eu.paulburton.fitscales.R$attr: int actionModeShareDrawable
eu.paulburton.fitscales.R$attr: int actionModeSplitBackground
eu.paulburton.fitscales.R$attr: int actionModeStyle
eu.paulburton.fitscales.R$attr: int actionOverflowButtonStyle
eu.paulburton.fitscales.R$attr: int actionSpinnerItemStyle
eu.paulburton.fitscales.R$attr: int activatedBackgroundIndicator
eu.paulburton.fitscales.R$attr: int activityChooserViewStyle
eu.paulburton.fitscales.R$attr: int background
eu.paulburton.fitscales.R$attr: int backgroundSplit
eu.paulburton.fitscales.R$bool: int abs__action_bar_embed_tabs
eu.paulburton.fitscales.R$bool: int abs__action_bar_expanded_action_views_exclusive
eu.paulburton.fitscales.R$bool: int abs__config_actionMenuItemAllCaps
eu.paulburton.fitscales.R$bool: int abs__config_allowActionMenuItemTextWithIcon
eu.paulburton.fitscales.R$bool: int abs__config_showMenuShortcutsWhenKeyboardPresent
eu.paulburton.fitscales.R$bool: int abs__split_action_bar_is_narrow
eu.paulburton.fitscales.R$color: int abs__background_holo_dark
eu.paulburton.fitscales.R$color: int abs__background_holo_light
eu.paulburton.fitscales.R$color: int abs__bright_foreground_disabled_holo_dark
eu.paulburton.fitscales.R$color: int abs__bright_foreground_disabled_holo_light
eu.paulburton.fitscales.R$color: int abs__bright_foreground_holo_dark
eu.paulburton.fitscales.R$color: int abs__bright_foreground_holo_light
eu.paulburton.fitscales.R$color: int abs__primary_text_disable_only_holo_dark
eu.paulburton.fitscales.R$color: int abs__primary_text_disable_only_holo_light
eu.paulburton.fitscales.R$color: int abs__primary_text_holo_dark
eu.paulburton.fitscales.R$color: int abs__primary_text_holo_light
...
com.actionbarsherlock.ActionBarSherlock$OnOptionsItemSelectedListener
com.actionbarsherlock.ActionBarSherlock$OnOptionsItemSelectedListener: boolean onOptionsItemSelected(com.actionbarsherlock.view.MenuItem)
com.actionbarsherlock.ActionBarSherlock$OnPrepareOptionsMenuListener
com.actionbarsherlock.ActionBarSherlock$OnPrepareOptionsMenuListener: boolean onPrepareOptionsMenu(com.actionbarsherlock.view.Menu)
com.actionbarsherlock.ActionBarSherlock$OnPreparePanelListener
com.actionbarsherlock.ActionBarSherlock$OnPreparePanelListener: boolean onPreparePanel(int,android.view.View,com.actionbarsherlock.view.Menu)
com.actionbarsherlock.R
com.actionbarsherlock.R: R()
com.actionbarsherlock.R$attr
com.actionbarsherlock.R$attr: int actionBarDivider
com.actionbarsherlock.R$attr: int actionBarItemBackground
com.actionbarsherlock.R$attr: int actionBarSize
com.actionbarsherlock.R$attr: int actionBarSplitStyle
com.actionbarsherlock.R$attr: int actionBarStyle
com.actionbarsherlock.R$attr: int actionBarTabBarStyle
com.actionbarsherlock.R$attr: int actionBarTabStyle
com.actionbarsherlock.R$attr: int actionBarTabTextStyle
com.actionbarsherlock.R$attr: int actionBarWidgetTheme
com.actionbarsherlock.R$attr: int actionButtonStyle
com.actionbarsherlock.R$attr: int actionDropDownStyle
com.actionbarsherlock.R$attr: int actionMenuTextAppearance
com.actionbarsherlock.R$attr: int actionMenuTextColor
com.actionbarsherlock.R$attr: int actionModeBackground
com.actionbarsherlock.R$attr: int actionModeCloseButtonStyle
com.actionbarsherlock.R$attr: int actionModeCloseDrawable
com.actionbarsherlock.R$attr: int actionModePopupWindowStyle
com.actionbarsherlock.R$attr: int actionModeShareDrawable
com.actionbarsherlock.R$attr: int actionModeSplitBackground
com.actionbarsherlock.R$attr: int actionModeStyle
com.actionbarsherlock.R$attr: int actionOverflowButtonStyle
com.actionbarsherlock.R$attr: int actionSpinnerItemStyle
com.actionbarsherlock.R$attr: int activatedBackgroundIndicator
com.actionbarsherlock.R$attr: int activityChooserViewStyle
com.actionbarsherlock.R$attr: int background
com.actionbarsherlock.R$attr: int backgroundSplit
com.actionbarsherlock.R$bool
com.actionbarsherlock.R$bool: int abs__action_bar_embed_tabs
com.actionbarsherlock.R$bool: int abs__action_bar_expanded_action_views_exclusive
com.actionbarsherlock.R$bool: int abs__config_actionMenuItemAllCaps
com.actionbarsherlock.R$bool: int abs__config_allowActionMenuItemTextWithIcon
com.actionbarsherlock.R$bool: int abs__config_showMenuShortcutsWhenKeyboardPresent
com.actionbarsherlock.R$bool: int abs__split_action_bar_is_narrow
com.actionbarsherlock.R$bool: R$bool()
com.actionbarsherlock.R$color
com.actionbarsherlock.R$color: int abs__background_holo_dark
com.actionbarsherlock.R$color: int abs__background_holo_light
com.actionbarsherlock.R$color: int abs__bright_foreground_disabled_holo_dark
com.actionbarsherlock.R$color: int abs__bright_foreground_disabled_holo_light
com.actionbarsherlock.R$color: int abs__bright_foreground_holo_dark
com.actionbarsherlock.R$color: int abs__bright_foreground_holo_light
com.actionbarsherlock.R$color: int abs__primary_text_disable_only_holo_dark
com.actionbarsherlock.R$color: int abs__primary_text_disable_only_holo_light
com.actionbarsherlock.R$color: int abs__primary_text_holo_dark
com.actionbarsherlock.R$color: int abs__primary_text_holo_light
com.actionbarsherlock.R$color: R$color()