app/build/outputs/mapping/release/usage.txt
eu.paulburton.fitscales.BalanceBoard:
    private static final java.lang.String TAG
    private static final boolean DEBUG
    private static final byte CMD_LED
    private static final byte CMD_REPORT_TYPE
    private static final byte CMD_CTRL_STATUS
    private static final byte CMD_WRITE_DATA
    private static final byte CMD_READ_DATA
    private static final byte RPT_CTRL_STATUS
    private static final byte RPT_READ
    private static final byte RPT_WRITE
    private static final byte RPT_BTN
    private static final byte RPT_BTN_EXP
    private static final int MEM_OFFSET_CALIBRATION
    private static final int EXP_MEM_ENABLE
    private static final int EXP_MEM_CALIBR
    private static final int EXP_ID_WIIBOARD
    private static final short EXP_HANDSHAKE_LEN
eu.paulburton.fitscales.BalanceBoard$Data:
    private static final int nSmoothItems
eu.paulburton.fitscales.BalanceBoard$KickStatusThread:
    private static final java.lang.String TAG
eu.paulburton.fitscales.BoardFragment:
    private static final java.lang.String TAG
    private static final boolean DEBUG
    private static final int REQUEST_ENABLE_BT
eu.paulburton.fitscales.BoardView:
    private static final java.lang.String TAG
    private static final boolean DEBUG
eu.paulburton.fitscales.BuildConfig
eu.paulburton.fitscales.FitscalesActivity:
    147:149:public void onWeighInDialogCreated()
    154:155:public void onWeighInDialogDestroyed()
eu.paulburton.fitscales.OAuthDialogFragment:
    private static final java.lang.String TAG
    private static final boolean DEBUG
eu.paulburton.fitscales.Prefs:
    private static final java.lang.String TAG
    private static final boolean DEBUG
    public static final int UNIT_KG
    public static final int UNIT_LB
    public static final int UNIT_STONE
    public static final int UNIT_M
    public static final int UNIT_INCH
    public static final int UNIT_FEET
    public static final float STABILITY_PRECISION_MIN
    public static final float STABILITY_PRECISION_DEF
    public static final float STABILITY_PRECISION_MAX
    static final java.lang.String KEY_HEIGHTUNIT
    static final java.lang.String KEY_WEIGHTUNIT
    static final java.lang.String KEY_HEIGHT
    static final java.lang.String KEY_LASTWEIGHT
    static final java.lang.String KEY_SYNCAUTO
    static final java.lang.String KEY_STABILITY_PRECISION
    10:10:public Prefs()
eu.paulburton.fitscales.R
eu.paulburton.fitscales.R$array
eu.paulburton.fitscales.R$attr
eu.paulburton.fitscales.R$bool
eu.paulburton.fitscales.R$color
eu.paulburton.fitscales.R$dimen
eu.paulburton.fitscales.R$drawable
eu.paulburton.fitscales.R$id
eu.paulburton.fitscales.R$integer
eu.paulburton.fitscales.R$layout
eu.paulburton.fitscales.R$menu
eu.paulburton.fitscales.R$raw
eu.paulburton.fitscales.R$string
eu.paulburton.fitscales.R$style
eu.paulburton.fitscales.R$styleable
eu.paulburton.fitscales.ScaleView:
    private static final java.lang.String TAG
    private static final boolean DEBUG
    private static final boolean DRAW_REGION_SEPARATORS
    private android.graphics.Paint paintSeparator
eu.paulburton.fitscales.ScaleView$ScaleRegion:
    private static final java.lang.String TAG
eu.paulburton.fitscales.SettingsFragment:
    private static final java.lang.String TAG
    private static final boolean DEBUG
eu.paulburton.fitscales.SyncService:
    private static final java.lang.String KEY_USER
    51:51:public boolean syncWeight(float)
eu.paulburton.fitscales.WeighInDialogFragment
eu.paulburton.fitscales.WeighInDialogFragment$1
eu.paulburton.fitscales.WeighInDialogFragment$2
eu.paulburton.fitscales.WeighInDialogFragment$Listener
eu.paulburton.fitscales.WeighInDialogFragment$SyncThread
eu.paulburton.fitscales.WeighInDialogFragment$SyncThread$1
eu.paulburton.fitscales.WiimoteSocket:
    9:9:public WiimoteSocket()
...
android.support.v4.content.ModernAsyncTask$4
android.support.v4.content.ModernAsyncTask$AsyncTaskResult
android.support.v4.content.ModernAsyncTask$InternalHandler
android.support.v4.content.ModernAsyncTask$Status
android.support.v4.content.ModernAsyncTask$WorkerRunnable
android.support.v4.content.WakefulBroadcastReceiver
android.support.v4.content.pm.ActivityInfoCompat
android.support.v4.database.DatabaseUtilsCompat
android.support.v4.graphics.drawable.DrawableCompat
android.support.v4.graphics.drawable.DrawableCompat$BaseDrawableImpl
android.support.v4.graphics.drawable.DrawableCompat$DrawableImpl
android.support.v4.graphics.drawable.DrawableCompat$HoneycombDrawableImpl
android.support.v4.graphics.drawable.DrawableCompatHoneycomb
android.support.v4.hardware.display.DisplayManagerCompat
android.support.v4.hardware.display.DisplayManagerCompat$JellybeanMr1Impl
android.support.v4.hardware.display.DisplayManagerCompat$LegacyImpl
android.support.v4.hardware.display.DisplayManagerJellybeanMr1
android.support.v4.internal.view.SupportMenu
android.support.v4.internal.view.SupportMenuItem
android.support.v4.internal.view.SupportSubMenu
android.support.v4.media.TransportController
android.support.v4.media.TransportMediator
android.support.v4.media.TransportMediator$1
android.support.v4.media.TransportMediator$2
android.support.v4.media.TransportMediatorCallback
android.support.v4.media.TransportMediatorJellybeanMR2
android.support.v4.media.TransportMediatorJellybeanMR2$1
android.support.v4.media.TransportMediatorJellybeanMR2$2
android.support.v4.media.TransportMediatorJellybeanMR2$3
android.support.v4.media.TransportMediatorJellybeanMR2$4
android.support.v4.media.TransportPerformer
android.support.v4.media.TransportStateListener
android.support.v4.net.ConnectivityManagerCompat
android.support.v4.net.ConnectivityManagerCompat$BaseConnectivityManagerCompatImpl
android.support.v4.net.ConnectivityManagerCompat$ConnectivityManagerCompatImpl
android.support.v4.net.ConnectivityManagerCompat$GingerbreadConnectivityManagerCompatImpl
android.support.v4.net.ConnectivityManagerCompat$HoneycombMR2ConnectivityManagerCompatImpl
android.support.v4.net.ConnectivityManagerCompat$JellyBeanConnectivityManagerCompatImpl
android.support.v4.net.ConnectivityManagerCompatGingerbread
android.support.v4.net.ConnectivityManagerCompatHoneycombMR2
android.support.v4.net.ConnectivityManagerCompatJellyBean
android.support.v4.net.TrafficStatsCompat
android.support.v4.net.TrafficStatsCompat$1
android.support.v4.net.TrafficStatsCompat$BaseTrafficStatsCompatImpl
android.support.v4.net.TrafficStatsCompat$BaseTrafficStatsCompatImpl$1
android.support.v4.net.TrafficStatsCompat$BaseTrafficStatsCompatImpl$SocketTags
android.support.v4.net.TrafficStatsCompat$IcsTrafficStatsCompatImpl
android.support.v4.net.TrafficStatsCompat$TrafficStatsCompatImpl
android.support.v4.net.TrafficStatsCompatIcs
android.support.v4.os.ParcelableCompat:
    26:42:public ParcelableCompat()
android.support.v4.os.ParcelableCompatCreatorHoneycombMR2Stub:
    22:22:ParcelableCompatCreatorHoneycombMR2Stub()
android.support.v4.text.BidiFormatter
android.support.v4.text.BidiFormatter$1
android.support.v4.text.BidiFormatter$Builder
android.support.v4.text.BidiFormatter$DirectionalityEstimator
android.support.v4.text.ICUCompat
android.support.v4.text.ICUCompat$ICUCompatImpl
android.support.v4.text.ICUCompat$ICUCompatImplBase
android.support.v4.text.ICUCompat$ICUCompatImplIcs
android.support.v4.text.ICUCompatIcs
android.support.v4.text.TextDirectionHeuristicCompat
android.support.v4.text.TextDirectionHeuristicsCompat
android.support.v4.text.TextDirectionHeuristicsCompat$1
android.support.v4.text.TextDirectionHeuristicsCompat$AnyStrong
android.support.v4.text.TextDirectionHeuristicsCompat$FirstStrong
android.support.v4.text.TextDirectionHeuristicsCompat$TextDirectionAlgorithm
android.support.v4.text.TextDirectionHeuristicsCompat$TextDirectionHeuristicImpl